<?xml version="1.0" encoding="UTF-8"?>
<testsuite name="com.stark.challenge.domain.NationalRegistrationTest" tests="9" skipped="0" failures="0" errors="0" timestamp="2024-08-27T20:53:54" hostname="DESKTOP-8AL4FGE" time="0.097">
  <properties/>
  <testcase name="should_error_when_id_is_empty()" classname="com.stark.challenge.domain.NationalRegistrationTest" time="0.028"/>
  <testcase name="should_success_when_cpf_is_valid()" classname="com.stark.challenge.domain.NationalRegistrationTest" time="0.022"/>
  <testcase name="should_success_when_cnpj_is_valid()" classname="com.stark.challenge.domain.NationalRegistrationTest" time="0.012"/>
  <testcase name="should_error_when_cnpj_is_invalid()" classname="com.stark.challenge.domain.NationalRegistrationTest" time="0.006"/>
  <testcase name="should_error_when_id_is_not_length_valid()" classname="com.stark.challenge.domain.NationalRegistrationTest" time="0.004"/>
  <testcase name="should_success_when_cpf_formated_is_valid()" classname="com.stark.challenge.domain.NationalRegistrationTest" time="0.003"/>
  <testcase name="should_error_when_cpf_is_invalid()" classname="com.stark.challenge.domain.NationalRegistrationTest" time="0.002"/>
  <testcase name="should_error_when_id_is_invalid()" classname="com.stark.challenge.domain.NationalRegistrationTest" time="0.002"/>
  <testcase name="should_success_when_cnpj_formated_is_valid()" classname="com.stark.challenge.domain.NationalRegistrationTest" time="0.007"/>
  <system-out><![CDATA[]]></system-out>
  <system-err><![CDATA[]]></system-err>
</testsuite>
