<?xml version="1.0" encoding="UTF-8"?>
<testsuite name="com.stark.challenge.domain.PaymentTest" tests="2" skipped="0" failures="0" errors="0" timestamp="2024-08-28T00:52:06" hostname="DESKTOP-8AL4FGE" time="0.855">
  <properties/>
  <testcase name="should_success_when_create_payment()" classname="com.stark.challenge.domain.PaymentTest" time="0.842"/>
  <testcase name="should_error_when_create_payment_have_amount_minor_equal_0()" classname="com.stark.challenge.domain.PaymentTest" time="0.011"/>
  <system-out><![CDATA[]]></system-out>
  <system-err><![CDATA[]]></system-err>
</testsuite>
