<?xml version="1.0" encoding="UTF-8"?>
<testsuite name="com.stark.challenge.domain.AccountInformationTest" tests="5" skipped="0" failures="0" errors="0" timestamp="2024-08-28T00:52:05" hostname="DESKTOP-8AL4FGE" time="0.146">
  <properties/>
  <testcase name="should_error_when_accountType_is_empty()" classname="com.stark.challenge.domain.AccountInformationTest" time="0.118"/>
  <testcase name="should_error_when_branchCode_is_empty()" classname="com.stark.challenge.domain.AccountInformationTest" time="0.003"/>
  <testcase name="should_error_when_bankCode_is_empty()" classname="com.stark.challenge.domain.AccountInformationTest" time="0.006"/>
  <testcase name="should_error_when_accountNumber_is_empty()" classname="com.stark.challenge.domain.AccountInformationTest" time="0.003"/>
  <testcase name="should_success_when_fill_all_fields()" classname="com.stark.challenge.domain.AccountInformationTest" time="0.001"/>
  <system-out><![CDATA[]]></system-out>
  <system-err><![CDATA[]]></system-err>
</testsuite>
